<?xml version="1.0" encoding="UTF-8"?>
<!-- Generated by org.testng.reporters.JUnitReportReporter -->
<testsuite hostname="DESKTOP-VOKOTAQ" failures="0" tests="1" name="reportGeneration.ExtentReportGenerate.DemoClass" time="7.581" errors="0" timestamp="2024-01-05T17:02:51 IST" skipped="0">
  <testcase classname="reportGeneration.ExtentReportGenerate.DemoClass" name="initialDemo" time="7.581"/>
  <system-out/>
</testsuite> <!-- reportGeneration.ExtentReportGenerate.DemoClass -->
