<?xml version="1.0" encoding="UTF-8"?>
<!-- Generated by org.testng.reporters.JUnitReportReporter -->
<testsuite hostname="DESKTOP-VOKOTAQ" failures="0" tests="1" name="Framework.APIDemos.test.DashboardPage" time="0.014" errors="0" timestamp="2024-01-09T18:08:42 IST" skipped="0">
  <testcase classname="Framework.APIDemos.test.DashboardPage" name="startValidation" time="0.014"/>
  <system-out/>
</testsuite> <!-- Framework.APIDemos.test.DashboardPage -->
